Performing C++ SOURCE FILE Test HAVE_UINT128_T failed with the following output:
Change Dir: /home/ezgi/ns-allinone-3.41/ns-3.41/CMakeFiles/CMakeTmp

Run Build Command(s):/usr/bin/gmake -f Makefile cmTC_33a73/fast && /usr/bin/gmake  -f CMakeFiles/cmTC_33a73.dir/build.make CMakeFiles/cmTC_33a73.dir/build
gmake[1]: Entering directory '/home/ezgi/ns-allinone-3.41/ns-3.41/CMakeFiles/CMakeTmp'
Building CXX object CMakeFiles/cmTC_33a73.dir/src.cxx.o
/usr/bin/c++ -DHAVE_UINT128_T  -fPIE -std=c++20 -o CMakeFiles/cmTC_33a73.dir/src.cxx.o -c /home/ezgi/ns-allinone-3.41/ns-3.41/CMakeFiles/CMakeTmp/src.cxx
/home/ezgi/ns-allinone-3.41/ns-3.41/CMakeFiles/CMakeTmp/src.cxx: In function ‘int main()’:
/home/ezgi/ns-allinone-3.41/ns-3.41/CMakeFiles/CMakeTmp/src.cxx:4:18: error: ‘uint128_t’ was not declared in this scope; did you mean ‘uint8_t’?
    4 |             if ((uint128_t *) 0) return 0;
      |                  ^~~~~~~~~
      |                  uint8_t
/home/ezgi/ns-allinone-3.41/ns-3.41/CMakeFiles/CMakeTmp/src.cxx:4:29: error: expected primary-expression before ‘)’ token
    4 |             if ((uint128_t *) 0) return 0;
      |                             ^
/home/ezgi/ns-allinone-3.41/ns-3.41/CMakeFiles/CMakeTmp/src.cxx:4:30: error: expected ‘)’ before numeric constant
    4 |             if ((uint128_t *) 0) return 0;
      |                ~             ^~
      |                              )
/home/ezgi/ns-allinone-3.41/ns-3.41/CMakeFiles/CMakeTmp/src.cxx:5:25: error: ‘uint128_t’ was not declared in this scope; did you mean ‘uint8_t’?
    5 |             if (sizeof (uint128_t)) return 0;
      |                         ^~~~~~~~~
      |                         uint8_t
gmake[1]: *** [CMakeFiles/cmTC_33a73.dir/build.make:78: CMakeFiles/cmTC_33a73.dir/src.cxx.o] Error 1
gmake[1]: Leaving directory '/home/ezgi/ns-allinone-3.41/ns-3.41/CMakeFiles/CMakeTmp'
gmake: *** [Makefile:127: cmTC_33a73/fast] Error 2


Source file was:
#include <stdint.h>
       int main()
         {
            if ((uint128_t *) 0) return 0;
            if (sizeof (uint128_t)) return 0;
            return 1;
         }
Determining if files boost/units/quantity.hpp;boost/units/systems/si.hpp exist failed with the following output:
Change Dir: /home/ezgi/ns-allinone-3.41/ns-3.41/CMakeFiles/CMakeTmp

Run Build Command(s):/usr/bin/gmake -f Makefile cmTC_00042/fast && /usr/bin/gmake  -f CMakeFiles/cmTC_00042.dir/build.make CMakeFiles/cmTC_00042.dir/build
gmake[1]: Entering directory '/home/ezgi/ns-allinone-3.41/ns-3.41/CMakeFiles/CMakeTmp'
Building CXX object CMakeFiles/cmTC_00042.dir/HAVE_BOOST_UNITS.cpp.o
/usr/bin/c++   -fPIE -std=c++20 -o CMakeFiles/cmTC_00042.dir/HAVE_BOOST_UNITS.cpp.o -c /home/ezgi/ns-allinone-3.41/ns-3.41/CMakeFiles/CheckIncludeFiles/HAVE_BOOST_UNITS.cpp
/home/ezgi/ns-allinone-3.41/ns-3.41/CMakeFiles/CheckIncludeFiles/HAVE_BOOST_UNITS.cpp:2:10: fatal error: boost/units/quantity.hpp: No such file or directory
    2 | #include <boost/units/quantity.hpp>
      |          ^~~~~~~~~~~~~~~~~~~~~~~~~~
compilation terminated.
gmake[1]: *** [CMakeFiles/cmTC_00042.dir/build.make:78: CMakeFiles/cmTC_00042.dir/HAVE_BOOST_UNITS.cpp.o] Error 1
gmake[1]: Leaving directory '/home/ezgi/ns-allinone-3.41/ns-3.41/CMakeFiles/CMakeTmp'
gmake: *** [Makefile:127: cmTC_00042/fast] Error 2


Source:
/* */
#include <boost/units/quantity.hpp>
#include <boost/units/systems/si.hpp>


int main(void){return 0;}

Determining if the include file net/netmap_user.h exists failed with the following output:
Change Dir: /home/ezgi/ns-allinone-3.41/ns-3.41/CMakeFiles/CMakeTmp

Run Build Command(s):/usr/bin/gmake -f Makefile cmTC_f72aa/fast && /usr/bin/gmake  -f CMakeFiles/cmTC_f72aa.dir/build.make CMakeFiles/cmTC_f72aa.dir/build
gmake[1]: Entering directory '/home/ezgi/ns-allinone-3.41/ns-3.41/CMakeFiles/CMakeTmp'
Building C object CMakeFiles/cmTC_f72aa.dir/CheckIncludeFile.c.o
/usr/bin/cc   -fPIE -o CMakeFiles/cmTC_f72aa.dir/CheckIncludeFile.c.o -c /home/ezgi/ns-allinone-3.41/ns-3.41/CMakeFiles/CMakeTmp/CheckIncludeFile.c
/home/ezgi/ns-allinone-3.41/ns-3.41/CMakeFiles/CMakeTmp/CheckIncludeFile.c:1:10: fatal error: net/netmap_user.h: No such file or directory
    1 | #include <net/netmap_user.h>
      |          ^~~~~~~~~~~~~~~~~~~
compilation terminated.
gmake[1]: *** [CMakeFiles/cmTC_f72aa.dir/build.make:78: CMakeFiles/cmTC_f72aa.dir/CheckIncludeFile.c.o] Error 1
gmake[1]: Leaving directory '/home/ezgi/ns-allinone-3.41/ns-3.41/CMakeFiles/CMakeTmp'
gmake: *** [Makefile:127: cmTC_f72aa/fast] Error 2



